<?xml version="1.0" encoding="UTF-8"?>
<!-- Generated by org.testng.reporters.JUnitReportReporter -->
<testsuite hostname="DESKTOP-99UND3K" failures="0" tests="1" name="com.actitime.testscripts.AssertDemo" time="18.857" errors="0" timestamp="2021-12-30T17:14:01 IST" skipped="0">
  <testcase classname="com.actitime.testscripts.AssertDemo" name="VerifyTitle" time="18.857"/>
  <system-out/>
</testsuite> <!-- com.actitime.testscripts.AssertDemo -->
