<?xml version="1.0" encoding="UTF-8"?>
<!-- Generated by org.testng.reporters.JUnitReportReporter -->
<testsuite hostname="DESKTOP-99UND3K" failures="0" tests="3" name="com.actitime.testscripts.ProjectModule" time="0.005" errors="0" timestamp="2021-12-30T17:14:01 IST" skipped="0">
  <testcase classname="com.actitime.testscripts.ProjectModule" name="CreateProject" time="0.001"/>
  <system-out>
    <![CDATA[CreateProject]]>
  </system-out>
  <testcase classname="com.actitime.testscripts.ProjectModule" name="ModifyProject" time="0.002"/>
  <system-out>
    <![CDATA[ModifyProject]]>
  </system-out>
  <testcase classname="com.actitime.testscripts.ProjectModule" name="DeleteProject" time="0.002"/>
  <system-out>
    <![CDATA[DeleteProject]]>
  </system-out>
</testsuite> <!-- com.actitime.testscripts.ProjectModule -->
