<?xml version="1.0" encoding="UTF-8"?>
<!-- Generated by org.testng.reporters.JUnitReportReporter -->
<testsuite hostname="DESKTOP-99UND3K" failures="0" tests="1" name="com.actitime.testscripts.Demo" time="0.003" errors="0" timestamp="2021-12-21T23:50:35 IST" skipped="0">
  <testcase classname="com.actitime.testscripts.Demo" name="testDemo" time="0.003"/>
  <system-out>
    <![CDATA[welcome to the testing]]>
  </system-out>
</testsuite> <!-- com.actitime.testscripts.Demo -->
